[    0.000000] Linux version 4.15.0-121-generic (buildd@lgw01-amd64-034) (gcc version 7.5.0 (Ubuntu 7.5.0-3ubuntu1~18.04)) #123-Ubuntu SMP Mon Oct 5 16:16:40 UTC 2020 (Ubuntu 4.15.0-121.123-generic 4.15.18)
[    0.000000] Command line: BOOT_IMAGE=/boot/vmlinuz-4.15.0-121-generic root=LABEL=cloudimg-rootfs ro console=tty1 console=ttyS0
[    0.000000] KERNEL supported cpus:
[    0.000000]   Intel GenuineIntel
[    0.000000]   AMD AuthenticAMD
[    0.000000]   Centaur CentaurHauls
[    0.000000] x86/fpu: Supporting XSAVE feature 0x001: 'x87 floating point registers'
[    0.000000] x86/fpu: Supporting XSAVE feature 0x002: 'SSE registers'
[    0.000000] x86/fpu: Supporting XSAVE feature 0x004: 'AVX registers'
[    0.000000] x86/fpu: xstate_offset[2]:  576, xstate_sizes[2]:  256
[    0.000000] x86/fpu: Enabled xstate features 0x7, context size is 832 bytes, using 'standard' format.
[    0.000000] e820: BIOS-provided physical RAM map:
[    0.000000] BIOS-e820: [mem 0x0000000000000000-0x000000000009fbff] usable
[    0.000000] BIOS-e820: [mem 0x000000000009fc00-0x000000000009ffff] reserved
[    0.000000] BIOS-e820: [mem 0x00000000000f0000-0x00000000000fffff] reserved
[    0.000000] BIOS-e820: [mem 0x0000000000100000-0x000000003ffeffff] usable
[    0.000000] BIOS-e820: [mem 0x000000003fff0000-0x000000003fffffff] ACPI data
[    0.000000] BIOS-e820: [mem 0x00000000fec00000-0x00000000fec00fff] reserved
[    0.000000] BIOS-e820: [mem 0x00000000fee00000-0x00000000fee00fff] reserved
[    0.000000] BIOS-e820: [mem 0x00000000fffc0000-0x00000000ffffffff] reserved
[    0.000000] NX (Execute Disable) protection: active
[    0.000000] SMBIOS 2.5 present.
[    0.000000] DMI: innotek GmbH VirtualBox/VirtualBox, BIOS VirtualBox 12/01/2006
[    0.000000] Hypervisor detected: KVM
[    0.000000] e820: last_pfn = 0x3fff0 max_arch_pfn = 0x400000000
[    0.000000] MTRR: Disabled
[    0.000000] x86/PAT: MTRRs disabled, skipping PAT initialization too.
[    0.000000] CPU MTRRs all blank - virtualized system.
[    0.000000] x86/PAT: Configuration [0-7]: WB  WT  UC- UC  WB  WT  UC- UC  
[    0.000000] found SMP MP-table at [mem 0x0009fff0-0x0009ffff]
[    0.000000] Scanning 1 areas for low memory corruption
[    0.000000] RAMDISK: [mem 0x35a67000-0x36d2afff]
[    0.000000] ACPI: Early table checksum verification disabled
[    0.000000] ACPI: RSDP 0x00000000000E0000 000024 (v02 VBOX  )
[    0.000000] ACPI: XSDT 0x000000003FFF0030 00003C (v01 VBOX   VBOXXSDT 00000001 ASL  00000061)
[    0.000000] ACPI: FACP 0x000000003FFF00F0 0000F4 (v04 VBOX   VBOXFACP 00000001 ASL  00000061)
[    0.000000] ACPI: DSDT 0x000000003FFF0470 002325 (v02 VBOX   VBOXBIOS 00000002 INTL 20190509)
[    0.000000] ACPI: FACS 0x000000003FFF0200 000040
[    0.000000] ACPI: FACS 0x000000003FFF0200 000040
[    0.000000] ACPI: APIC 0x000000003FFF0240 00005C (v02 VBOX   VBOXAPIC 00000001 ASL  00000061)
[    0.000000] ACPI: SSDT 0x000000003FFF02A0 0001CC (v01 VBOX   VBOXCPUT 00000002 INTL 20190509)
[    0.000000] No NUMA configuration found
[    0.000000] Faking a node at [mem 0x0000000000000000-0x000000003ffeffff]
[    0.000000] NODE_DATA(0) allocated [mem 0x3ffc5000-0x3ffeffff]
[    0.000000] kvm-clock: cpu 0, msr 0:3ff44001, primary cpu clock
[    0.000000] kvm-clock: Using msrs 4b564d01 and 4b564d00
[    0.000000] kvm-clock: using sched offset of 3144658098 cycles
[    0.000000] clocksource: kvm-clock: mask: 0xffffffffffffffff max_cycles: 0x1cd42e4dffb, max_idle_ns: 881590591483 ns
[    0.000000] Zone ranges:
[    0.000000]   DMA      [mem 0x0000000000001000-0x0000000000ffffff]
[    0.000000]   DMA32    [mem 0x0000000001000000-0x000000003ffeffff]
[    0.000000]   Normal   empty
[    0.000000]   Device   empty
[    0.000000] Movable zone start for each node
[    0.000000] Early memory node ranges
[    0.000000]   node   0: [mem 0x0000000000001000-0x000000000009efff]
[    0.000000]   node   0: [mem 0x0000000000100000-0x000000003ffeffff]
[    0.000000] Reserved but unavailable: 98 pages
[    0.000000] Initmem setup node 0 [mem 0x0000000000001000-0x000000003ffeffff]
[    0.000000] ACPI: PM-Timer IO Port: 0x4008
[    0.000000] IOAPIC[0]: apic_id 2, version 32, address 0xfec00000, GSI 0-23
[    0.000000] ACPI: INT_SRC_OVR (bus 0 bus_irq 0 global_irq 2 dfl dfl)
[    0.000000] ACPI: INT_SRC_OVR (bus 0 bus_irq 9 global_irq 9 low level)
[    0.000000] Using ACPI (MADT) for SMP configuration information
[    0.000000] smpboot: Allowing 2 CPUs, 0 hotplug CPUs
[    0.000000] PM: Registered nosave memory: [mem 0x00000000-0x00000fff]
[    0.000000] PM: Registered nosave memory: [mem 0x0009f000-0x0009ffff]
[    0.000000] PM: Registered nosave memory: [mem 0x000a0000-0x000effff]
[    0.000000] PM: Registered nosave memory: [mem 0x000f0000-0x000fffff]
[    0.000000] e820: [mem 0x40000000-0xfebfffff] available for PCI devices
[    0.000000] Booting paravirtualized kernel on KVM
[    0.000000] clocksource: refined-jiffies: mask: 0xffffffff max_cycles: 0xffffffff, max_idle_ns: 7645519600211568 ns
[    0.000000] random: get_random_bytes called from start_kernel+0x99/0x500 with crng_init=0
[    0.000000] setup_percpu: NR_CPUS:8192 nr_cpumask_bits:2 nr_cpu_ids:2 nr_node_ids:1
[    0.000000] percpu: Embedded 45 pages/cpu s147456 r8192 d28672 u1048576
[    0.000000] PV qspinlock hash table entries: 256 (order: 0, 4096 bytes)
[    0.000000] Built 1 zonelists, mobility grouping on.  Total pages: 257913
[    0.000000] Policy zone: DMA32
[    0.000000] Kernel command line: BOOT_IMAGE=/boot/vmlinuz-4.15.0-121-generic root=LABEL=cloudimg-rootfs ro console=tty1 console=ttyS0
[    0.000000] Memory: 983032K/1048120K available (12300K kernel code, 2482K rwdata, 4272K rodata, 2436K init, 2724K bss, 65088K reserved, 0K cma-reserved)
[    0.000000] SLUB: HWalign=64, Order=0-3, MinObjects=0, CPUs=2, Nodes=1
[    0.000000] Kernel/User page tables isolation: enabled
[    0.000000] ftrace: allocating 39402 entries in 154 pages
[    0.004000] Hierarchical RCU implementation.
[    0.004000] 	RCU restricting CPUs from NR_CPUS=8192 to nr_cpu_ids=2.
[    0.004000] 	Tasks RCU enabled.
[    0.004000] RCU: Adjusting geometry for rcu_fanout_leaf=16, nr_cpu_ids=2
[    0.004000] NR_IRQS: 524544, nr_irqs: 440, preallocated irqs: 16
[    0.004000] Console: colour VGA+ 80x25
[    0.004000] console [tty1] enabled
[    0.004000] console [ttyS0] enabled
[    0.004000] ACPI: Core revision 20170831
[    0.004000] ACPI: 2 ACPI AML tables successfully acquired and loaded
[    0.004000] APIC: Switch to symmetric I/O mode setup
[    0.004000] x2apic enabled
[    0.004000] Switched APIC routing to physical x2apic.
[    0.004000] ..TIMER: vector=0x30 apic1=0 pin1=2 apic2=-1 pin2=-1
[    0.004000] tsc: Detected 2805.914 MHz processor
[    0.004010] Calibrating delay loop (skipped) preset value.. 5611.82 BogoMIPS (lpj=11223656)
[    0.005058] pid_max: default: 32768 minimum: 301
[    0.005711] Security Framework initialized
[    0.006280] Yama: becoming mindful.
[    0.006777] AppArmor: AppArmor initialized
[    0.007965] Dentry cache hash table entries: 131072 (order: 8, 1048576 bytes)
[    0.008052] Inode-cache hash table entries: 65536 (order: 7, 524288 bytes)
[    0.009821] Mount-cache hash table entries: 2048 (order: 2, 16384 bytes)
[    0.011736] Mountpoint-cache hash table entries: 2048 (order: 2, 16384 bytes)
[    0.012274] Last level iTLB entries: 4KB 128, 2MB 8, 4MB 8
[    0.013072] Last level dTLB entries: 4KB 64, 2MB 0, 4MB 0, 1GB 4
[    0.016001] Spectre V1 : Mitigation: usercopy/swapgs barriers and __user pointer sanitization
[    0.017131] Spectre V2 : Mitigation: Full generic retpoline
[    0.017922] Spectre V2 : Spectre v2 / SpectreRSB mitigation: Filling RSB on context switch
[    0.019026] Speculative Store Bypass: Vulnerable
[    0.020038] SRBDS: Unknown: Dependent on hypervisor status
[    0.020844] MDS: Mitigation: Clear CPU buffers
[    0.021726] Freeing SMP alternatives memory: 36K
[    0.132094] smpboot: CPU0: Intel(R) Core(TM) i7-7700HQ CPU @ 2.80GHz (family: 0x6, model: 0x9e, stepping: 0x9)
[    0.133618] Performance Events: unsupported p6 CPU model 158 no PMU driver, software events only.
[    0.134872] Hierarchical SRCU implementation.
[    0.136150] NMI watchdog: Perf event create on CPU 0 failed with -2
[    0.137059] NMI watchdog: Perf NMI watchdog permanently disabled
[    0.137948] smp: Bringing up secondary CPUs ...
[    0.138612] x86: Booting SMP configuration:
[    0.139319] .... node  #0, CPUs:      #1
[    0.004000] kvm-clock: cpu 1, msr 0:3ff44041, secondary cpu clock
[    0.156018] smp: Brought up 1 node, 2 CPUs
[    0.156667] smpboot: Max logical packages: 1
[    0.157276] smpboot: Total of 2 processors activated (11223.65 BogoMIPS)
[    0.158290] devtmpfs: initialized
[    0.160050] x86/mm: Memory block size: 128MB
[    0.160739] evm: security.selinux
[    0.161279] evm: security.SMACK64
[    0.161764] evm: security.SMACK64EXEC
[    0.162240] evm: security.SMACK64TRANSMUTE
[    0.162795] evm: security.SMACK64MMAP
[    0.163325] evm: security.apparmor
[    0.163812] evm: security.ima
[    0.164003] evm: security.capability
[    0.164529] clocksource: jiffies: mask: 0xffffffff max_cycles: 0xffffffff, max_idle_ns: 7645041785100000 ns
[    0.165223] futex hash table entries: 512 (order: 3, 32768 bytes)
[    0.166708] pinctrl core: initialized pinctrl subsystem
[    0.168097] RTC time: 18:05:18, date: 10/15/20
[    0.168842] NET: Registered protocol family 16
[    0.169532] audit: initializing netlink subsys (disabled)
[    0.170390] audit: type=2000 audit(1602785122.862:1): state=initialized audit_enabled=0 res=1
[    0.172016] cpuidle: using governor ladder
[    0.172577] cpuidle: using governor menu
[    0.173157] ACPI: bus type PCI registered
[    0.173683] acpiphp: ACPI Hot Plug PCI Controller Driver version: 0.5
[    0.174621] PCI: Using configuration type 1 for base access
[    0.176307] HugeTLB registered 2.00 MiB page size, pre-allocated 0 pages
[    0.176963] ACPI: Added _OSI(Module Device)
[    0.176963] ACPI: Added _OSI(Processor Device)
[    0.177368] ACPI: Added _OSI(3.0 _SCP Extensions)
[    0.177984] ACPI: Added _OSI(Processor Aggregator Device)
[    0.180003] ACPI: Added _OSI(Linux-Dell-Video)
[    0.180623] ACPI: Added _OSI(Linux-Lenovo-NV-HDMI-Audio)
[    0.181458] ACPI: Added _OSI(Linux-HPI-Hybrid-Graphics)
[    0.182451] ACPI: Executed 1 blocks of module-level executable AML code
[    0.186558] ACPI: Interpreter enabled
[    0.187110] ACPI: (supports S0 S5)
[    0.187583] ACPI: Using IOAPIC for interrupt routing
[    0.188195] PCI: Using host bridge windows from ACPI; if necessary, use "pci=nocrs" and report a bug
[    0.189528] ACPI: Enabled 2 GPEs in block 00 to 07
[    0.195401] ACPI: PCI Root Bridge [PCI0] (domain 0000 [bus 00-ff])
[    0.196015] acpi PNP0A03:00: _OSC: OS supports [ASPM ClockPM Segments MSI]
[    0.197776] acpi PNP0A03:00: _OSC: not requesting OS control; OS requires [ExtendedConfig ASPM ClockPM MSI]
[    0.200012] acpi PNP0A03:00: fail to add MMCONFIG information, can't access extended PCI configuration space under this bridge.
[    0.201858] PCI host bridge to bus 0000:00
[    0.202429] pci_bus 0000:00: root bus resource [io  0x0000-0x0cf7 window]
[    0.203412] pci_bus 0000:00: root bus resource [io  0x0d00-0xffff window]
[    0.204002] pci_bus 0000:00: root bus resource [mem 0x000a0000-0x000bffff window]
[    0.205432] pci_bus 0000:00: root bus resource [mem 0x40000000-0xfdffffff window]
[    0.206798] pci_bus 0000:00: root bus resource [bus 00-ff]
[    0.209380] pci 0000:00:01.1: legacy IDE quirk: reg 0x10: [io  0x01f0-0x01f7]
[    0.210549] pci 0000:00:01.1: legacy IDE quirk: reg 0x14: [io  0x03f6]
[    0.212002] pci 0000:00:01.1: legacy IDE quirk: reg 0x18: [io  0x0170-0x0177]
[    0.213806] pci 0000:00:01.1: legacy IDE quirk: reg 0x1c: [io  0x0376]
[    0.226236] pci 0000:00:07.0: quirk: [io  0x4000-0x403f] claimed by PIIX4 ACPI
[    0.227455] pci 0000:00:07.0: quirk: [io  0x4100-0x410f] claimed by PIIX4 SMB
[    0.234651] ACPI: PCI Interrupt Link [LNKA] (IRQs 5 9 10 *11)
[    0.236348] ACPI: PCI Interrupt Link [LNKB] (IRQs 5 9 *10 11)
[    0.237711] ACPI: PCI Interrupt Link [LNKC] (IRQs 5 *9 10 11)
[    0.238520] ACPI: PCI Interrupt Link [LNKD] (IRQs 5 9 10 *11)
[    0.240352] SCSI subsystem initialized
[    0.240975] pci 0000:00:02.0: vgaarb: setting as boot VGA device
[    0.240975] pci 0000:00:02.0: vgaarb: VGA device added: decodes=io+mem,owns=io+mem,locks=none
[    0.241951] pci 0000:00:02.0: vgaarb: bridge control possible
[    0.244006] vgaarb: loaded
[    0.244435] ACPI: bus type USB registered
[    0.244985] usbcore: registered new interface driver usbfs
[    0.245691] usbcore: registered new interface driver hub
[    0.246401] usbcore: registered new device driver usb
[    0.247146] EDAC MC: Ver: 3.0.0
[    0.248057] PCI: Using ACPI for IRQ routing
[    0.248913] NetLabel: Initializing
[    0.249458] NetLabel:  domain hash size = 128
[    0.251337] NetLabel:  protocols = UNLABELED CIPSOv4 CALIPSO
[    0.252020] NetLabel:  unlabeled traffic allowed by default
[    0.252831] clocksource: Switched to clocksource kvm-clock
[    0.262038] VFS: Disk quotas dquot_6.6.0
[    0.262767] VFS: Dquot-cache hash table entries: 512 (order 0, 4096 bytes)
[    0.263814] AppArmor: AppArmor Filesystem Enabled
[    0.264524] pnp: PnP ACPI init
[    0.265720] pnp: PnP ACPI: found 3 devices
[    0.274148] clocksource: acpi_pm: mask: 0xffffff max_cycles: 0xffffff, max_idle_ns: 2085701024 ns
[    0.275404] NET: Registered protocol family 2
[    0.276191] TCP established hash table entries: 8192 (order: 4, 65536 bytes)
[    0.277087] TCP bind hash table entries: 8192 (order: 5, 131072 bytes)
[    0.278606] TCP: Hash tables configured (established 8192 bind 8192)
[    0.279520] UDP hash table entries: 512 (order: 2, 16384 bytes)
[    0.280389] UDP-Lite hash table entries: 512 (order: 2, 16384 bytes)
[    0.281278] NET: Registered protocol family 1
[    0.282114] pci 0000:00:00.0: Limiting direct PCI/PCI transfers
[    0.282964] pci 0000:00:01.0: Activating ISA DMA hang workarounds
[    0.283884] pci 0000:00:02.0: Video device with shadowed ROM at [mem 0x000c0000-0x000dffff]
[    0.285159] Unpacking initramfs...
[    0.513130] Freeing initrd memory: 19216K
[    0.513979] clocksource: tsc: mask: 0xffffffffffffffff max_cycles: 0x2872138c417, max_idle_ns: 440795312569 ns
[    0.515358] platform rtc_cmos: registered platform RTC device (no PNP device found)
[    0.516476] Scanning for low memory corruption every 60 seconds
[    0.517983] Initialise system trusted keyrings
[    0.518717] Key type blacklist registered
[    0.519521] workingset: timestamp_bits=36 max_order=18 bucket_order=0
[    0.521237] zbud: loaded
[    0.522257] squashfs: version 4.0 (2009/01/31) Phillip Lougher
[    0.523350] fuse init (API version 7.26)
[    0.528502] Key type asymmetric registered
[    0.529188] Asymmetric key parser 'x509' registered
[    0.529982] Block layer SCSI generic (bsg) driver version 0.4 loaded (major 246)
[    0.531110] io scheduler noop registered
[    0.531699] io scheduler deadline registered
[    0.532409] io scheduler cfq registered (default)
[    0.533387] ACPI: AC Adapter [AC] (on-line)
[    0.534016] input: Power Button as /devices/LNXSYSTM:00/LNXPWRBN:00/input/input0
[    0.535176] ACPI: Power Button [PWRF]
[    0.535807] input: Sleep Button as /devices/LNXSYSTM:00/LNXSLPBN:00/input/input1
[    0.536811] ACPI: Sleep Button [SLPF]
[    0.538059] ACPI: Battery Slot [BAT0] (battery present)
[    0.538957] Serial: 8250/16550 driver, 32 ports, IRQ sharing enabled
[    0.560432] 00:02: ttyS0 at I/O 0x3f8 (irq = 4, base_baud = 115200) is a 16550A
[    0.563884] Linux agpgart interface v0.103
[    0.566250] loop: module loaded
[    0.567370] scsi host0: ata_piix
[    0.568063] scsi host1: ata_piix
[    0.568626] ata1: PATA max UDMA/33 cmd 0x1f0 ctl 0x3f6 bmdma 0xd000 irq 14
[    0.569518] ata2: PATA max UDMA/33 cmd 0x170 ctl 0x376 bmdma 0xd008 irq 15
[    0.570732] libphy: Fixed MDIO Bus: probed
[    0.571406] tun: Universal TUN/TAP device driver, 1.6
[    0.572164] PPP generic driver version 2.4.2
[    0.572822] ehci_hcd: USB 2.0 'Enhanced' Host Controller (EHCI) Driver
[    0.573782] ehci-pci: EHCI PCI platform driver
[    0.574491] ehci-platform: EHCI generic platform driver
[    0.575327] ohci_hcd: USB 1.1 'Open' Host Controller (OHCI) Driver
[    0.576224] ohci-pci: OHCI PCI platform driver
[    0.576858] ohci-platform: OHCI generic platform driver
[    0.577658] uhci_hcd: USB Universal Host Controller Interface driver
[    0.578600] i8042: PNP: PS/2 Controller [PNP0303:PS2K,PNP0f03:PS2M] at 0x60,0x64 irq 1,12
[    0.580157] serio: i8042 KBD port at 0x60,0x64 irq 1
[    0.580930] serio: i8042 AUX port at 0x60,0x64 irq 12
[    0.581753] mousedev: PS/2 mouse device common for all mice
[    0.583139] input: AT Translated Set 2 keyboard as /devices/platform/i8042/serio0/input/input2
[    0.584058] rtc_cmos rtc_cmos: rtc core: registered rtc_cmos as rtc0
[    0.585197] rtc_cmos rtc_cmos: alarms up to one day, 114 bytes nvram
[    0.586041] i2c /dev entries driver
[    0.586608] device-mapper: uevent: version 1.0.3
[    0.587291] device-mapper: ioctl: 4.37.0-ioctl (2017-09-20) initialised: dm-devel@redhat.com
[    0.588494] ledtrig-cpu: registered to indicate activity on CPUs
[    0.589659] NET: Registered protocol family 10
[    0.593130] Segment Routing with IPv6
[    0.593731] NET: Registered protocol family 17
[    0.594569] Key type dns_resolver registered
[    0.595428] mce: Using 0 MCE banks
[    0.595980] RAS: Correctable Errors collector initialized.
[    0.596812] sched_clock: Marking stable (596795136, 0)->(705548532, -108753396)
[    0.598126] registered taskstats version 1
[    0.598792] Loading compiled-in X.509 certificates
[    0.601900] Loaded X.509 cert 'Build time autogenerated kernel key: 517b2180bafe62ad6f81db3336688475b28504c0'
[    0.603232] zswap: loaded using pool lzo/zbud
[    0.606874] Key type big_key registered
[    0.607418] Key type trusted registered
[    0.609420] Key type encrypted registered
[    0.610028] AppArmor: AppArmor sha1 policy hashing enabled
[    0.610908] ima: No TPM chip found, activating TPM-bypass! (rc=-19)
[    0.611792] ima: Allocated hash algorithm: sha1
[    0.612619] evm: HMAC attrs: 0x1
[    0.613360]   Magic number: 8:574:89
[    0.614094] rtc_cmos rtc_cmos: setting system clock to 2020-10-15 18:05:18 UTC (1602785118)
[    0.615299] BIOS EDD facility v0.16 2004-Jun-25, 0 devices found
[    0.616201] EDD information not available.
[    0.790117] Freeing unused kernel image memory: 2436K
[    0.804170] Write protecting the kernel read-only data: 20480k
[    0.806852] Freeing unused kernel image memory: 2008K
[    0.808878] Freeing unused kernel image memory: 1872K
[    0.820986] x86/mm: Checked W+X mappings: passed, no W+X pages found.
[    0.822351] x86/mm: Checking user space page tables
[    0.830443] x86/mm: Checked W+X mappings: passed, no W+X pages found.
Loading, please wait...
starting version 237
[    0.879746] e1000: Intel(R) PRO/1000 Network Driver - version 7.3.21-k8-NAPI
[    0.880970] e1000: Copyright (c) 1999-2006 Intel Corporation.
[    0.885019] Fusion MPT base driver 3.04.20
[    0.885658] Copyright (c) 1999-2008 LSI Corporation
[    0.890250] Fusion MPT SPI Host driver 3.04.20
[    0.905943] AVX2 version of gcm_enc/dec engaged.
[    0.906675] AES CTR mode by8 optimization enabled
[    1.118166] input: ImExPS/2 Generic Explorer Mouse as /devices/platform/i8042/serio1/input/input4
[    1.555288] e1000 0000:00:03.0 eth0: (PCI:33MHz:32-bit) 02:3b:b1:b7:71:c1
[    1.558786] e1000 0000:00:03.0 eth0: Intel(R) PRO/1000 Network Connection
[    1.565339] mptbase: ioc0: Initiating bringup
[    1.567363] e1000 0000:00:03.0 enp0s3: renamed from eth0
[    1.794042] ioc0: LSI53C1030 A0: Capabilities={Initiator}
[    4.201215] scsi host2: ioc0: LSI53C1030 A0, FwRev=00000000h, Ports=1, MaxQ=256, IRQ=20
[    6.444423] scsi 2:0:0:0: Direct-Access     VBOX     HARDDISK         1.0  PQ: 0 ANSI: 5
[    6.476204] scsi target2:0:0: Beginning Domain Validation
[    6.485329] scsi target2:0:0: Domain Validation skipping write tests
[    6.488909] scsi target2:0:0: Ending Domain Validation
[    6.491362] scsi target2:0:0: asynchronous
[    6.492636] scsi 2:0:1:0: Direct-Access     VBOX     HARDDISK         1.0  PQ: 0 ANSI: 5
[    6.524089] scsi target2:0:1: Beginning Domain Validation
[    6.527011] random: fast init done
[    6.527969] scsi target2:0:1: Domain Validation skipping write tests
[    6.529156] scsi target2:0:1: Ending Domain Validation
[    6.530206] scsi target2:0:1: asynchronous
[    6.535675] random: systemd-udevd: uninitialized urandom read (16 bytes read)
[    6.535785] sd 2:0:0:0: Attached scsi generic sg0 type 0
[    6.537128] random: systemd-udevd: uninitialized urandom read (16 bytes read)
[    6.538309] sd 2:0:1:0: Attached scsi generic sg1 type 0
[    6.539438] random: systemd-udevd: uninitialized urandom read (16 bytes read)
[    6.542203] sd 2:0:0:0: [sda] 20971520 512-byte logical blocks: (10.7 GB/10.0 GiB)
[    6.543692] sd 2:0:1:0: [sdb] 20480 512-byte logical blocks: (10.5 MB/10.0 MiB)
[    6.545161] sd 2:0:0:0: [sda] Write Protect is off
[    6.546097] sd 2:0:1:0: [sdb] Write Protect is off
[    6.547301] sd 2:0:0:0: [sda] Incomplete mode parameter data
[    6.548446] sd 2:0:0:0: [sda] Assuming drive cache: write through
[    6.549527] sd 2:0:1:0: [sdb] Incomplete mode parameter data
[    6.550578] sd 2:0:1:0: [sdb] Assuming drive cache: write through
[    6.562752]  sda: sda1
[    6.563909] sd 2:0:0:0: [sda] Attached SCSI disk
[    6.565593] sd 2:0:1:0: [sdb] Attached SCSI disk
Begin: Loading essential drivers ... [    7.992092] raid6: sse2x1   gen() 12029 MB/s
[    8.040065] raid6: sse2x1   xor()  8843 MB/s
[    8.088064] raid6: sse2x2   gen() 16007 MB/s
[    8.136062] raid6: sse2x2   xor() 10987 MB/s
[    8.184061] raid6: sse2x4   gen() 18334 MB/s
[    8.232062] raid6: sse2x4   xor() 11708 MB/s
[    8.280054] raid6: avx2x1   gen() 25525 MB/s
[    8.328065] raid6: avx2x1   xor() 18223 MB/s
[    8.376054] raid6: avx2x2   gen() 29746 MB/s
[    8.424055] raid6: avx2x2   xor() 19669 MB/s
[    8.472054] raid6: avx2x4   gen() 36047 MB/s
[    8.520055] raid6: avx2x4   xor() 22039 MB/s
[    8.520754] raid6: using algorithm avx2x4 gen() 36047 MB/s
[    8.521455] raid6: .... xor() 22039 MB/s, rmw enabled
[    8.522255] raid6: using avx2x2 recovery algorithm
[    8.524044] xor: automatically using best checksumming function   avx       
[    8.526077] async_tx: api initialized (async)
done.
Begin: Running /scripts/init-premount ... done.
Begin: Mounting root file system ... Begin: Running /scripts/local-top ... done.
Begin: Running /scripts/local-premount ... [    8.565885] Btrfs loaded, crc32c=crc32c-intel
Scanning for Btrfs filesystems
done.
Warning: fsck not present, so skipping root file system
[    8.599570] EXT4-fs (sda1): mounted filesystem with ordered data mode. Opts: (null)
done.
Begin: Running /scripts/local-bottom ... done.
Begin: Running /scripts/init-bottom ... done.
[    8.817605] ip_tables: (C) 2000-2006 Netfilter Core Team
[    8.834256] systemd[1]: systemd 237 running in system mode. (+PAM +AUDIT +SELINUX +IMA +APPARMOR +SMACK +SYSVINIT +UTMP +LIBCRYPTSETUP +GCRYPT +GNUTLS +ACL +XZ +LZ4 +SECCOMP +BLKID +ELFUTILS +KMOD -IDN2 +IDN -PCRE2 default-hierarchy=hybrid)
[    8.839126] systemd[1]: Detected virtualization oracle.
[    8.840250] systemd[1]: Detected architecture x86-64.

Welcome to [1mUbuntu 18.04.5 LTS[0m!

[    8.846479] systemd[1]: Set hostname to <ubuntu>.
[    8.850935] systemd[1]: Initializing machine ID from random generator.
[    8.851901] systemd[1]: Installed transient /etc/machine-id file.
[    9.099434] systemd[1]: Set up automount Arbitrary Executable File Formats File System Automount Point.
[[0;32m  OK  [0m] Set up automount Arbitrary Executab…rmats File System Automount Point.
[    9.102235] systemd[1]: Started Forward Password Requests to Wall Directory Watch.
[[0;32m  OK  [0m] Started Forward Password Requests to Wall Directory Watch.
[    9.104169] systemd[1]: Reached target User and Group Name Lookups.
[[0;32m  OK  [0m] Reached target User and Group Name Lookups.
[    9.521457] systemd[1]: Created slice User and Session Slice.
[[0;32m  OK  [0m] Created slice User and Session Slice.
[[0;32m  OK  [0m] Reached target Swap.
[[0;32m  OK  [0m] Created slice System Slice.
[[0;32m  OK  [0m] Listening on /dev/initctl Compatibility Named Pipe.
[[0;32m  OK  [0m] Reached target Slices.
[[0;32m  OK  [0m] Listening on Journal Socket (/dev/log).
[[0;32m  OK  [0m] Listening on Journal Audit Socket.
[[0;32m  OK  [0m] Listening on LVM2 metadata daemon socket.
[[0;32m  OK  [0m] Listening on Journal Socket.
         Mounting Huge Pages File System...
         Mounting POSIX Message Queue File System...
         Starting Remount Root and Kernel File Systems...
         Startin[    9.685727] EXT4-fs (sda1): re-mounted. Opts: (null)
g Uncomplicated firewall...
         Mounting Kernel Debug File System...
[[0;32m  OK  [0m] Listening on udev Control Socket.
[[0;32m  OK  [0m] Listening on Syslog Socket.
         Starting Load Kernel Modules...
[[0;32m  OK  [0m] Listening on Network Service Netlink Socket.
[[0;32m  OK  [0m] Created slice system-serial\x2dgetty.slice.
[[0;32m  OK  [0m] Listening on LVM2 poll daemon socket.
         Starting Set the console keyboard layout...
[[0;32m  OK  [0m] Listening on Device-mapper event daemon FIFOs.
         Starting Monitoring of LVM2 mirrors…ng dmeventd or progress polling...
         Starting Create list of required st…ce nodes for the current kernel...
[[0;32m  OK  [0m] Reached target System Time Synchronized.
[[0;32m  OK  [0m] Listening on udev Kernel Socket.
[    9.714254] Loading iSCSI transport class v2.0-870.
         Starting udev Coldplug all Devices...
         Starting Journal Service...
[    9.720872] iscsi: registered transport (tcp)
[[0;32m  OK  [0m] Mounted Huge Pages File System.
[[0;32m  OK  [0m] Mounted POSIX Message Queue File System.
[[0;32m  OK  [0m] Started Remount Root and Kernel File Systems.
[[0;32m  OK  [0m] Mounted Kernel Debug File System.
         Starting Load/Save Random Seed...
[    9.735677] iscsi: registered transport (iser)
[[0;32m  OK  [0m] Started Journal Service.
[[0;32m  OK  [0m] Started Uncomplicated firewall.
[[0;32m  OK  [0m] Started Load Kernel Modules.
[[0;32m  OK  [0m] Started Create list of required sta…vice nodes for the current kernel.
[[0;32m  OK  [0m] Started Load/Save Random Seed.
         Starting Create Static Device Nodes in /dev...
         Starting Apply Kernel Variables...
         Mounting FUSE Control File System...
         Mounting Kernel Configuration File System...
         Starting Flush Journal to Persistent Storage...
[[0;32m  OK  [0m] Mounted FUSE Control File System.
[[0;32m  OK  [0m] Mounted Kernel Configuration File System.
[[0;32m  OK  [0m] Started LVM2 metadata daemon.
[[0;32m  OK  [0m] Started udev Coldplug all Devices.
[[0;32m  OK  [0m] Started Apply Kernel Variables.
[[0;32m  OK  [0m] Started Create Static Device Nodes in /dev.
         Starting udev Kernel Device Manager...
[[0;32m  OK  [0m] Started Flush Journal to Persistent Storage.
[[0;32m  OK  [0m] Started Monitoring of LVM2 mirrors,…sing dmeventd or progress polling.
[[0;32m  OK  [0m] Started udev Kernel Device Manager.
[[0;32m  OK  [0m] Started Set the console keyboard layout.
[[0;32m  OK  [0m] Reached target Local File Systems (Pre).
[[0;32m  OK  [0m] Reached target Local File Systems.
         Starting Tell Plymouth To Write Out Runtime Data...
         Starting Commit a transient machine-id on disk...
         Starting AppArmor initialization...
         Starting Set console font and keymap...
         Starting Create Volatile Files and Directories...
         Starting ebtables ruleset management...
[[0;32m  OK  [0m] Started Dispatch Password Requests to Console Directory Watch.
[[0;32m  OK  [0m] Reached target Local Encrypted Volumes.
[[0;32m  OK  [0m] Started Tell Plymouth To Write Out Runtime Data.
[[0;32m  OK  [0m] Started Set console font and keymap.
[[0;32m  OK  [0m] Started Create Volatile Files and Directories.
         Starting Update UTMP about System Boot/Shutdown...
[[0;32m  OK  [0m] Started Update UTMP about System Boot/Shutdown.
[[0;32m  OK  [0m] Started Commit a transient machine-id on disk.
[[0;32m  OK  [0m] Started ebtables ruleset management.
[[0;32m  OK  [0m] Found device /dev/ttyS0.
[[0;32m  OK  [0m] Listening on Load/Save RF Kill Switch Status /dev/rfkill Watch.
[[0;32m  OK  [0m] Started AppArmor initialization.
         Starting Load AppArmor profiles managed internally by snapd...
         Starting Initial cloud-init job (pre-networking)...
[[0;32m  OK  [0m] Started Load AppArmor profiles managed internally by snapd.
[   11.762381] cloud-init[586]: Cloud-init v. 20.3-2-g371b392c-0ubuntu1~18.04.1 running 'init-local' at Thu, 15 Oct 2020 18:05:29 +0000. Up 11.49 seconds.
[[0;32m  OK  [0m] Started Initial cloud-init job (pre-networking).
[[0;32m  OK  [0m] Reached target Network (Pre).
         Starting Network Service...
[[0;32m  OK  [0m] Started Network Service.
         Starting Network Name Resolution...
         Starting Wait for Network to be Configured...
[[0;32m  OK  [0m] Started Network Name Resolution.
[[0;32m  OK  [0m] Reached target Host and Network Name Lookups.
[[0;32m  OK  [0m] Reached target Network.
[[0;32m  OK  [0m] Started Wait for Network to be Configured.
         Starting Initial cloud-init job (metadata service crawler)...
[   13.924455] cloud-init[683]: Cloud-init v. 20.3-2-g371b392c-0ubuntu1~18.04.1 running 'init' at Thu, 15 Oct 2020 18:05:31 +0000. Up 13.80 seconds.
[   13.925826] cloud-init[683]: ci-info: ++++++++++++++++++++++++++++++++++++++Net device info++++++++++++++++++++++++++++++++++++++
[   13.926929] cloud-init[683]: ci-info: +--------+------+----------------------------+---------------+--------+-------------------+
[   13.928271] cloud-init[683]: ci-info: | Device |  Up  |          Address           |      Mask     | Scope  |     Hw-Address    |
[   13.929292] cloud-init[683]: ci-info: +--------+------+----------------------------+---------------+--------+-------------------+
[   13.930420] cloud-init[683]: ci-info: | enp0s3 | True |         10.0.2.15          | 255.255.255.0 | global | 02:3b:b1:b7:71:c1 |
[   13.931514] cloud-init[683]: ci-info: | enp0s3 | True | fe80::3b:b1ff:feb7:71c1/64 |       .       |  link  | 02:3b:b1:b7:71:c1 |
[   13.932547] cloud-init[683]: ci-info: |   lo   | True |         127.0.0.1          |   255.0.0.0   |  host  |         .         |
[   13.933640] cloud-init[683]: ci-info: |   lo   | True |          ::1/128           |       .       |  host  |         .         |
[   13.934803] cloud-init[683]: ci-info: +--------+------+----------------------------+---------------+--------+-------------------+
[   13.936983] cloud-init[683]: ci-info: ++++++++++++++++++++++++++++Route IPv4 info+++++++++++++++++++++++++++++
[   13.938495] cloud-init[683]: ci-info: +-------+-------------+----------+-----------------+-----------+-------+
[   13.939885] cloud-init[683]: ci-info: | Route | Destination | Gateway  |     Genmask     | Interface | Flags |
[   13.941328] cloud-init[683]: ci-info: +-------+-------------+----------+-----------------+-----------+-------+
[   13.942350] cloud-init[683]: ci-info: |   0   |   0.0.0.0   | 10.0.2.2 |     0.0.0.0     |   enp0s3  |   UG  |
[   13.943945] cloud-init[683]: ci-info: |   1   |   10.0.2.0  | 0.0.0.0  |  255.255.255.0  |   enp0s3  |   U   |
[   13.947783] cloud-init[683]: ci-info: |   2   |   10.0.2.2  | 0.0.0.0  | 255.255.255.255 |   enp0s3  |   UH  |
[   13.948647] cloud-init[683]: ci-info: +-------+-------------+----------+-----------------+-----------+-------+
[   13.949693] cloud-init[683]: ci-info: +++++++++++++++++++Route IPv6 info+++++++++++++++++++
[   13.951006] cloud-init[683]: ci-info: +-------+-------------+---------+-----------+-------+
[   13.960424] cloud-init[683]: ci-info: | Route | Destination | Gateway | Interface | Flags |
[   13.961339] cloud-init[683]: ci-info: +-------+-------------+---------+-----------+-------+
[   13.962357] cloud-init[683]: ci-info: |   1   |  fe80::/64  |    ::   |   enp0s3  |   U   |
[   13.963615] cloud-init[683]: ci-info: |   3   |    local    |    ::   |   enp0s3  |   U   |
[   13.964987] cloud-init[683]: ci-info: |   4   |   ff00::/8  |    ::   |   enp0s3  |   U   |
[   13.966114] cloud-init[683]: ci-info: +-------+-------------+---------+-----------+-------+
[   15.010347] cloud-init[683]: Generating public/private rsa key pair.
[   15.013168] cloud-init[683]: Your identification has been saved in /etc/ssh/ssh_host_rsa_key.
[   15.014833] cloud-init[683]: Your public key has been saved in /etc/ssh/ssh_host_rsa_key.pub.
[   15.015771] cloud-init[683]: The key fingerprint is:
[   15.016292] cloud-init[683]: SHA256:6wIIDrX43QdQ9U39e3mPdNJdPY8CgTJ4SWyHGF+2ec4 root@ubuntu-bionic
[   15.017136] cloud-init[683]: The key's randomart image is:
[   15.017692] cloud-init[683]: +---[RSA 2048]----+
[   15.018172] cloud-init[683]: |    .Bo++.  ..   |
[   15.034200] cloud-init[683]: |  . +.Ooo+.o  .  |
[   15.035472] cloud-init[683]: | o . +.+o o..  ..|
[   15.039135] cloud-init[683]: |+ .   .  +.    .+|
[   15.039563] cloud-init[683]: |oo o . .S E.   oB|
[   15.041526] cloud-init[683]: | .o o . ..  . +oB|
[   15.059189] cloud-init[683]: |     . ..    o ++|
[   15.059605] cloud-init[683]: |      ..      . .|
[   15.060046] cloud-init[683]: |       ..        |
[   15.060494] cloud-init[683]: +----[SHA256]-----+
[   15.060942] cloud-init[683]: Generating public/private dsa key pair.
[   15.061443] cloud-init[683]: Your identification has been saved in /etc/ssh/ssh_host_dsa_key.
[   15.062208] cloud-init[683]: Your public key has been saved in /etc/ssh/ssh_host_dsa_key.pub.
[   15.065952] cloud-init[683]: The key fingerprint is:
[   15.066296] cloud-init[683]: SHA256:WYf6+fOi81vqdQ06d7qRz30TYvhWh8af1UFfH9mEy4Y root@ubuntu-bionic
[   15.066950] cloud-init[683]: The key's randomart image is:
[   15.067434] cloud-init[683]: +---[DSA 1024]----+
[   15.067933] cloud-init[683]: |               o+|
[   15.068488] cloud-init[683]: |           .  .+o|
[[0;32m  OK  [0m] Started Initial cloud-init job (metadata service crawler).
[   15.072281] cloud-init[683]: |          o .o..=|
[[0;32m  OK  [0m] Reached target Network is Online.
[   15.073343] cloud-init[683]: |         + .E +.o|
[   15.073874] cloud-init[683]: |        S   .o..o|
[[0;32m  OK  [0m[   15.074500] cloud-init[683]: |         . o ++==|
[   15.074729] cloud-init[683]: |          o =.O.O|
[   15.075284] cloud-init[683]: |          ..oO X+|
[   15.075435] cloud-init[683]: |          .=B=+.*|
[   15.075720] cloud-init[683]: +----[SHA256]-----+
[   15.076097] cloud-init[683]: Generating public/private ecdsa key pair.
[   15.076390] cloud-init[683]: Your identification has been saved in /etc/ssh/ssh_host_ecdsa_key.
[   15.076712] cloud-init[683]: Your public key has been saved in /etc/ssh/ssh_host_ecdsa_key.pub.
[   15.077056] cloud-init[683]: The key fingerprint is:
[   15.077381] cloud-init[683]: SHA256:oq1syz6Rlb6JKa7F+4/Kxixa/5KHAm0MlGcGx9K3R/Q root@ubuntu-bionic
[   15.077708] cloud-init[683]: The key's randomart image is:
[   15.078036] cloud-init[683]: +---[ECDSA 256]---+
[   15.078341] cloud-init[683]: | .=.  ..         |
[   15.078665] cloud-init[683]: | +.* . ..        |
[   15.078998] cloud-init[683]: |. = . o. E       |
[   15.079322] cloud-init[683]: |.    .o.         |
[   15.079654] cloud-init[683]: | +   +o S        |
[   15.080363] cloud-init[683]: |..+ oo..         |
[   15.080673] cloud-init[683]: | =+ .*.o         |
[   15.081000] cloud-init[683]: |.+*=Oo+          |
[   15.081326] cloud-init[683]: |+==BXBo          |
[   15.081787] cloud-init[683]: +----[SHA256]-----+
[   15.082101] cloud-init[683]: Generating public/private ed25519 key pair.
[   15.082423] cloud-init[683]: Your identification has been saved in /etc/ssh/ssh_host_ed25519_key.
[   15.082749] cloud-init[683]: Your public key has been saved in /etc/ssh/ssh_host_ed25519_key.pub.
[   15.083074] cloud-init[683]: The key fingerprint is:
[   15.083341] cloud-init[683]: SHA256:0xOUda9Q/7EfqsLgzKSQqBPLJ2pZ7yUXmLA8USVuMYs root@ubuntu-bionic
[   15.083683] cloud-init[683]: The key's randomart image is:
[   15.084010] cloud-init[683]: +--[ED25519 256]--+
[   15.084356] cloud-init[683]: |     =..  .o. o  |
[   15.084677] cloud-init[683]: |    + =  ..  o o |
[   15.085004] cloud-init[683]: |   E +    . .  .o|
[   15.085328] cloud-init[683]: |  . = o  . . . .+|
[   15.085638] cloud-init[683]: |  .+.o .S o   .o.|
] Reached target Remote File Systems (Pre).
[   15.085823] cloud-init[683]: |.. +.  o.. .  . o|
[[0;32m  OK  [0m] Reached target Remote File Systems.[   15.091852] cloud-init[683]: |ooo o.*oo    .  .|

[   15.092765] cloud-init[683]: |+= . o++ o  .    |
[   15.093221] cloud-init[683]: |+.o ..    ..     |
[   15.093669] cloud-init[683]: +----[SHA256]-----+
         Starting Availability of block devices...
[[0;32m  OK  [0m] Reached target Cloud-config availability.
[[0;32m  OK  [0m] Reached target System Initialization.
[[0;32m  OK  [0m] Listening on Open-iSCSI iscsid Socket.
[[0;32m  OK  [0m] Listening on D-Bus System Message Bus Socket.
         Starting LXD - unix socket.
[[0;32m  OK  [0m] Started Daily Cleanup of Temporary Directories.
[[0;32m  OK  [0m] Started Daily apt download activities.
[[0;32m  OK  [0m] Started ACPI Events Check.
[[0;32m  OK  [0m] Reached target Paths.
[[0;32m  OK  [0m] Listening on ACPID Listen Socket.
[[0;32m  OK  [0m] Started Daily apt upgrade and clean activities.
[[0;32m  OK  [0m] Started Discard unused blocks once a week.
         Starting Socket activation for snappy daemon.
[[0;32m  OK  [0m] Listening on UUID daemon activation socket.
[[0;32m  OK  [0m] Started Message of the Day.
[[0;32m  OK  [0m] Reached target Timers.
[[0;32m  OK  [0m] Started Availability of block devices.
[[0;32m  OK  [0m] Listening on LXD - unix socket.
[[0;32m  OK  [0m] Listening on Socket activation for snappy daemon.
[[0;32m  OK  [0m] Reached target Sockets.
[[0;32m  OK  [0m] Reached target Basic System.
         Starting Accounts Service...
         Starting Pollinate to seed the pseudo random number generator...
         Starting LSB: automatic crash report generation...
[[0;32m  OK  [0m] Started FUSE filesystem for LXC.
[[0;32m  OK  [0m] Started Deferred execution scheduler.
         Starting Permit User Sessions...
         Starting Virtualbox guest utils...
         Starting LXD - container startup/shutdown...
         Starting LSB: Record successful boot for GRUB...
         Starting Snap Daemon...
         Starting System Logging Service...
         Starting Login Service...
[[0;32m  OK  [0m] Started D-Bus System Message Bus.
[[0;32m  OK  [0m] Started Regular background program processing daemon.
[[0;32m  OK  [0m] Started irqbalance daemon.
         Starting Dispatcher daemon for systemd-networkd...
[[0;32m  OK  [0m] Started System Logging Service.
[[0;32m  OK  [0m] Started Permit User Sessions.
[[0;32m  OK  [0m] Started LXD - container startup/shutdown.
[[0;32m  OK  [0m] Started Login Service.
         Starting Authorization Manager...
[[0;32m  OK  [0m] Started Unattended Upgrades Shutdown.
         Starting Hold until boot process finishes up...
         Starting Terminate Plymouth Boot Screen...
[[0;32m  OK  [0m] Started Hold until boot process finishes up.
         Starting Set console scheme...
[[0;32m  OK  [0m] Started Serial Getty on ttyS0.
[[0;32m  OK  [0m] Started Terminate Plymouth Boot Screen.
[[0;32m  OK  [0m] Started LSB: automatic crash report generation.
[[0;32m  OK  [0m] Started LSB: Record successful boot for GRUB.
[[0;32m  OK  [0m] Started Set console scheme.
[[0;32m  OK  [0m] Created slice system-getty.slice.
[[0;32m  OK  [0m] Started Getty on tty1.
[[0;32m  OK  [0m] Reached target Login Prompts.
[[0;32m  OK  [0m] Started Authorization Manager.
[[0;32m  OK  [0m] Started Accounts Service.
[[0;32m  OK  [0m] Started Virtualbox guest utils.
[[0;32m  OK  [0m] Started Dispatcher daemon for systemd-networkd.
[[0;32m  OK  [0m] Started Snap Daemon.
         Starting Wait until snapd is fully seeded...
[[0;32m  OK  [0m] Started Wait until snapd is fully seeded.
         Starting Apply the settings specified in cloud-config...
[[0;32m  OK  [0m] Started Pollinate to seed the pseudo random number generator.
         Starting OpenBSD Secure Shell server...
[[0;32m  OK  [0m] Started OpenBSD Secure Shell server.
[[0;32m  OK  [0m] Reached target Multi-User System.
[[0;32m  OK  [0m] Reached target Graphical Interface.
         Starting Update UTMP about System Runlevel Changes...
[[0;32m  OK  [0m] Started Update UTMP about System Runlevel Changes.
[   18.678341] cloud-init[1199]: Cloud-init v. 20.3-2-g371b392c-0ubuntu1~18.04.1 running 'modules:config' at Thu, 15 Oct 2020 18:05:36 +0000. Up 18.34 seconds.
[[0;32m  OK  [0m] Created slice User Slice of vagrant.
[[0;32m  OK  [0m] Started Apply the settings specified in cloud-config.
[[0;32m  OK  [0m] Started Session 1 of user vagrant.
         Starting Execute cloud user/final scripts...
         Starting User Manager for UID 1000...
[[0;32m  OK  [0m] Started User Manager for UID 1000.
ci-info: no authorized SSH keys fingerprints found for user ubuntu.
<14>Oct 15 18:05:37 ec2: 
<14>Oct 15 18:05:37 ec2: #############################################################
<14>Oct 15 18:05:37 ec2: -----BEGIN SSH HOST KEY FINGERPRINTS-----
<14>Oct 15 18:05:37 ec2: 1024 SHA256:WYf6+fOi81vqdQ06d7qRz30TYvhWh8af1UFfH9mEy4Y root@ubuntu-bionic (DSA)
<14>Oct 15 18:05:37 ec2: 256 SHA256:oq1syz6Rlb6JKa7F+4/Kxixa/5KHAm0MlGcGx9K3R/Q root@ubuntu-bionic (ECDSA)
<14>Oct 15 18:05:37 ec2: 256 SHA256:0xOUda9Q/7EfqsLgzKSQqBPLJ2pZ7yUXmLA8USVuMYs root@ubuntu-bionic (ED25519)
<14>Oct 15 18:05:37 ec2: 2048 SHA256:6wIIDrX43QdQ9U39e3mPdNJdPY8CgTJ4SWyHGF+2ec4 root@ubuntu-bionic (RSA)
<14>Oct 15 18:05:37 ec2: -----END SSH HOST KEY FINGERPRINTS-----
<14>Oct 15 18:05:37 ec2: #############################################################
-----BEGIN SSH HOST KEY KEYS-----
ecdsa-sha2-nistp256 AAAAE2VjZHNhLXNoYTItbmlzdHAyNTYAAAAIbmlzdHAyNTYAAABBBKYlnyU4emQs3RR6qSFvnS2TE/c6/56MLSRzQBsJ4xsY9Vz0gi8MB0xMO80HM1dHy5i3ZtegLJ57w9vlzG33Q2I= root@ubuntu-bionic
ssh-ed25519 AAAAC3NzaC1lZDI1NTE5AAAAIAUjDOjsmMVNEoeCaMmYw6XdAWmLYfVMvoncP7EwlQB6 root@ubuntu-bionic
ssh-rsa AAAAB3NzaC1yc2EAAAADAQABAAABAQD2OzrDhYaPlyS8eFQziezNxR8/Xko/QfdrDNla6AyN3jw1DcykS8KuyjrhLiQuK+zeV21GUW9DoS8+lRpuYlzE+SeTePl0cW8GqfmOnCXNVRNfpR8qGYM2JCPeXHp+giVN1R8Rd4twQJX+Hqx+uJeNiyuBkS/1IGviQCwSA0065aaL4uZ830IX1E52hbr0PPes0WkK28z2drEZMO8ocRYbc+C5Vb/OGFzzMIG8J3odC4MOh2neDd7oPy4wN59PJrE3O0e+NFi5+V0d2AfTsEJrfaKXUmSQGXBB0swwKH0A1yqZwvLTphuyiMJ2PCpGvAbAVUIn8anOaMaTXX8wGcq7 root@ubuntu-bionic
-----END SSH HOST KEY KEYS-----
[   19.248453] cloud-init[1307]: Cloud-init v. 20.3-2-g371b392c-0ubuntu1~18.04.1 running 'modules:final' at Thu, 15 Oct 2020 18:05:36 +0000. Up 19.08 seconds.
[   19.249645] cloud-init[1307]: ci-info: no authorized SSH keys fingerprints found for user ubuntu.
[   19.250391] cloud-init[1307]: Cloud-init v. 20.3-2-g371b392c-0ubuntu1~18.04.1 finished at Thu, 15 Oct 2020 18:05:37 +0000. Datasource DataSourceNoCloud [seed=/dev/sdb][dsmode=net].  Up 19.24 seconds
[[0;32m  OK  [0m] Started Execute cloud user/final scripts.
[[0;32m  OK  [0m] Reached target Cloud-init target.

Ubuntu 18.04.5 LTS ubuntu-bionic ttyS0

ubuntu-bionic login: 